2020-02-20 18:19:16,883-INFO- 
----------------------------------------------------------
--- Random Forest with 1000 estimators is about to fit
---------------------------------------------------------

2020-02-20 18:20:08,639-INFO- 
----------------------------------------------------------
--- Random Forest with 1000 estimators is about to fit
---------------------------------------------------------

2020-02-20 18:20:24,503-INFO- 
----------------------------------------------------------
--- Random Forest with 1000 estimators is about to fit
---------------------------------------------------------

2020-02-20 18:20:30,102-INFO- 
----------------------------------------------------------
---- Cross validation with 5 groups----

The results on each split[1.         0.98453816 0.         0.77857135 0.        ]

---------------------------------------------------------

2020-02-20 18:20:30,104-INFO- 
----------------------------------------------------------
The average of the cross validation is 0.55

---------------------------------------------------------

2020-02-20 18:20:50,816-INFO- 
----------------------------------------------------------
--- Random Forest with 1000 estimators is about to fit
---------------------------------------------------------

2020-02-20 18:20:56,072-INFO- 
----------------------------------------------------------
---- Cross validation with 5 groups----

The results on each split[0.         0.98438511 0.         0.77787517 0.        ]

---------------------------------------------------------

2020-02-20 18:20:56,072-INFO- 
----------------------------------------------------------
The average of the cross validation is 0.35

---------------------------------------------------------

2020-02-20 18:21:18,394-INFO- 
----------------------------------------------------------
--- Random Forest with 1000 estimators is about to fit
---------------------------------------------------------

2020-02-20 18:21:23,797-INFO- 
----------------------------------------------------------
---- Cross validation with 5 groups----

The results on each split[1.         0.98442398 0.         0.77900179 0.        ]

---------------------------------------------------------

2020-02-20 18:21:23,798-INFO- 
----------------------------------------------------------
The average of the cross validation is 0.55

---------------------------------------------------------

2020-02-20 18:24:17,903-INFO- 
----------------------------------------------------------
--- Random Forest with 1000 estimators is about to fit
---------------------------------------------------------

2020-02-20 18:24:35,820-INFO- 
----------------------------------------------------------
--- Random Forest with 1000 estimators is about to fit
---------------------------------------------------------

2020-02-20 18:26:28,049-INFO- 
----------------------------------------------------------
--- Random Forest with 1000 estimators is about to fit
---------------------------------------------------------

2020-02-20 18:26:30,793-INFO- 
----------------------------------------------------------
----------Classification Report for RF-OnTrain------------
              precision    recall  f1-score   support

           0       1.00      1.00      1.00        44
           1       1.00      1.00      1.00        39
           2       1.00      1.00      1.00        37

    accuracy                           1.00       120
   macro avg       1.00      1.00      1.00       120
weighted avg       1.00      1.00      1.00       120


---------------------------------------------------------

2020-02-20 18:26:30,796-INFO- 
----------------------------------------------------------
----------Confusion Matrix for RF-OnTrain------------
[[44  0  0]
 [ 0 39  0]
 [ 0  0 37]]

---------------------------------------------------------

2020-02-20 18:26:30,797-INFO- 
----------------------------------------------------------
----------Accurcay for RF-OnTrain------------
1.0
---------------------------------------------------------

2020-02-20 18:26:31,030-INFO- 
----------------------------------------------------------
----------Classification Report for RF-OnTest------------
              precision    recall  f1-score   support

           0       1.00      1.00      1.00         6
           1       1.00      0.91      0.95        11
           2       0.93      1.00      0.96        13

    accuracy                           0.97        30
   macro avg       0.98      0.97      0.97        30
weighted avg       0.97      0.97      0.97        30


---------------------------------------------------------

2020-02-20 18:26:31,032-INFO- 
----------------------------------------------------------
----------Confusion Matrix for RF-OnTest------------
[[ 6  0  0]
 [ 0 10  1]
 [ 0  0 13]]

---------------------------------------------------------

2020-02-20 18:26:31,034-INFO- 
----------------------------------------------------------
----------Accurcay for RF-OnTest------------
0.9667
---------------------------------------------------------

2020-02-20 18:26:31,964-INFO- 
----------------------------------------------------------
Feature importance based on RF
X3    0.457733
X2    0.426172
X0    0.098258
X1    0.017837
dtype: float64
---------------------------------------------------------

2020-02-20 18:26:32,162-INFO- 
----------------------------------------------------------
------ Random Forest is going to be Tunneds -----
---------------------------------------------------------

2020-02-20 18:26:35,169-INFO- 
----------------------------------------------------------


Best params:
{'bootstrap': True,
 'max_depth': 14,
 'max_features': 'auto',
 'min_samples_leaf': 0.4,
 'min_samples_split': 0.30000000000000004,
 'n_estimators': 890}

---------------------------------------------------------

2020-02-20 18:26:35,169-INFO- 
----------------------------------------------------------


Best score: -0.3333


---------------------------------------------------------

2020-02-20 18:26:55,875-INFO- 
----------------------------------------------------------
--- Random Forest with 1000 estimators is about to fit
---------------------------------------------------------

2020-02-20 18:28:12,099-INFO- 
----------------------------------------------------------
--- Random Forest with 1000 estimators is about to fit
---------------------------------------------------------

2020-02-20 18:28:14,509-INFO- 
----------------------------------------------------------
----------Classification Report for RF-OnTrain------------
              precision    recall  f1-score   support

           0       1.00      1.00      1.00        42
           1       1.00      1.00      1.00        38
           2       1.00      1.00      1.00        41

    accuracy                           1.00       121
   macro avg       1.00      1.00      1.00       121
weighted avg       1.00      1.00      1.00       121


---------------------------------------------------------

2020-02-20 18:28:14,509-INFO- 
----------------------------------------------------------
----------Confusion Matrix for RF-OnTrain------------
[[42  0  0]
 [ 0 38  0]
 [ 0  0 41]]

---------------------------------------------------------

2020-02-20 18:28:14,509-INFO- 
----------------------------------------------------------
----------Accurcay for RF-OnTrain------------
1.0
---------------------------------------------------------

2020-02-20 18:28:14,731-INFO- 
----------------------------------------------------------
----------Classification Report for RF-OnTest------------
              precision    recall  f1-score   support

           0       1.00      1.00      1.00         8
           1       1.00      0.75      0.86        12
           2       0.75      1.00      0.86         9

    accuracy                           0.90        29
   macro avg       0.92      0.92      0.90        29
weighted avg       0.92      0.90      0.90        29


---------------------------------------------------------

2020-02-20 18:28:14,732-INFO- 
----------------------------------------------------------
----------Confusion Matrix for RF-OnTest------------
[[8 0 0]
 [0 9 3]
 [0 0 9]]

---------------------------------------------------------

2020-02-20 18:28:14,732-INFO- 
----------------------------------------------------------
----------Accurcay for RF-OnTest------------
0.8966
---------------------------------------------------------

2020-02-20 18:28:15,298-INFO- 
----------------------------------------------------------
Feature importance based on RF
X3    0.454522
X2    0.430422
X0    0.093674
X1    0.021382
dtype: float64
---------------------------------------------------------

2020-02-20 18:28:15,503-INFO- 
----------------------------------------------------------
------ Random Forest is going to be Tunneds -----
---------------------------------------------------------

2020-02-20 18:30:38,882-INFO- 
----------------------------------------------------------
--- Random Forest with 1000 estimators is about to fit
---------------------------------------------------------

2020-02-20 18:30:39,784-INFO- 
----------------------------------------------------------
----------Classification Report for RF-OnTrain------------
              precision    recall  f1-score   support

           0       1.00      1.00      1.00        42
           1       1.00      1.00      1.00        38
           2       1.00      1.00      1.00        41

    accuracy                           1.00       121
   macro avg       1.00      1.00      1.00       121
weighted avg       1.00      1.00      1.00       121


---------------------------------------------------------

2020-02-20 18:30:39,787-INFO- 
----------------------------------------------------------
----------Confusion Matrix for RF-OnTrain------------
[[42  0  0]
 [ 0 38  0]
 [ 0  0 41]]

---------------------------------------------------------

2020-02-20 18:30:39,788-INFO- 
----------------------------------------------------------
----------Accurcay for RF-OnTrain------------
1.0
---------------------------------------------------------

2020-02-20 18:30:40,021-INFO- 
----------------------------------------------------------
----------Classification Report for RF-OnTest------------
              precision    recall  f1-score   support

           0       1.00      1.00      1.00         8
           1       1.00      0.75      0.86        12
           2       0.75      1.00      0.86         9

    accuracy                           0.90        29
   macro avg       0.92      0.92      0.90        29
weighted avg       0.92      0.90      0.90        29


---------------------------------------------------------

2020-02-20 18:30:40,022-INFO- 
----------------------------------------------------------
----------Confusion Matrix for RF-OnTest------------
[[8 0 0]
 [0 9 3]
 [0 0 9]]

---------------------------------------------------------

2020-02-20 18:30:40,022-INFO- 
----------------------------------------------------------
----------Accurcay for RF-OnTest------------
0.8966
---------------------------------------------------------

2020-02-20 18:30:40,564-INFO- 
----------------------------------------------------------
Feature importance based on RF
X3    0.452773
X2    0.449914
X0    0.080347
X1    0.016966
dtype: float64
---------------------------------------------------------

2020-02-20 18:30:40,747-INFO- 
----------------------------------------------------------
------ Random Forest is going to be Tunneds -----
---------------------------------------------------------

